<?xml version="1.0" encoding="utf-8"?><testsuites name="pytest tests"><testsuite name="pytest" errors="0" failures="0" skipped="0" tests="17" time="10.285" timestamp="2026-04-27T08:17:22.277784+00:00" hostname="agent-env-30860a75-fb94-4717-8822-208210b1f943"><testcase classname="backend.tests.test_remindly_api.TestHealth" name="test_health" time="0.127" /><testcase classname="backend.tests.test_remindly_api.TestAuth" name="test_signup_duplicate_rejected" time="0.149" /><testcase classname="backend.tests.test_remindly_api.TestAuth" name="test_login_success" time="0.099" /><testcase classname="backend.tests.test_remindly_api.TestAuth" name="test_login_wrong_password" time="0.104" /><testcase classname="backend.tests.test_remindly_api.TestAuth" name="test_me" time="0.047" /><testcase classname="backend.tests.test_remindly_api.TestAuth" name="test_me_no_auth" time="0.042" /><testcase classname="backend.tests.test_remindly_api.TestAuth" name="test_push_token" time="0.093" /><testcase classname="backend.tests.test_remindly_api.TestReminders" name="test_create_and_list_reminder" time="0.135" /><testcase classname="backend.tests.test_remindly_api.TestReminders" name="test_list_sorted_ascending" time="0.134" /><testcase classname="backend.tests.test_remindly_api.TestReminders" name="test_update_reminder" time="0.091" /><testcase classname="backend.tests.test_remindly_api.TestReminders" name="test_action_postpone_complete_cancel" time="0.274" /><testcase classname="backend.tests.test_remindly_api.TestReminders" name="test_history_endpoint" time="0.045" /><testcase classname="backend.tests.test_remindly_api.TestReminders" name="test_delete_reminder" time="0.131" /><testcase classname="backend.tests.test_remindly_api.TestReminders" name="test_near_future_firing" time="8.222" /><testcase classname="backend.tests.test_remindly_api.TestContacts" name="test_contact_crud" time="0.176" /><testcase classname="backend.tests.test_remindly_api.TestOwnership" name="test_cross_user_reminder_access_denied" time="0.238" /><testcase classname="backend.tests.test_remindly_api.TestOwnership" name="test_cross_user_contact_access_denied" time="0.094" /></testsuite></testsuites>